<?xml version="1.0" encoding="UTF-8"?>
<!-- Generated by org.testng.reporters.JUnitXMLReporter -->
<testsuite ignored="0" hostname="Lokeshlucky" failures="0" tests="6" name="Default test" time="34.547" errors="0" timestamp="2025-11-27T09:19:42 IST">
  <testcase classname="automation.Java_Assignment" name="alert" time="13.917"/>
  <testcase classname="automation.Java_Assignment" name="allelements" time="6.446"/>
  <testcase classname="automation.Java_Assignment" name="dropdown" time="1.877"/>
  <testcase classname="automation.Java_Assignment" name="entertext" time="0.938"/>
  <testcase classname="automation.Java_Assignment" name="google" time="1.658"/>
  <testcase classname="automation.Java_Assignment" name="linktest" time="1.252"/>
</testsuite> <!-- Default test -->
