<?xml version="1.0" encoding="UTF-8"?>
<!-- Generated by org.testng.reporters.JUnitXMLReporter -->
<testsuite ignored="0" hostname="Lokeshlucky" failures="0" tests="9" name="Default test" time="48.671" errors="0" timestamp="2025-11-28T00:25:36 IST">
  <testcase classname="automation.Java_Assignment" name="Explicitwait" time="4.011"/>
  <testcase classname="automation.Java_Assignment" name="alert" time="14.085"/>
  <testcase classname="automation.Java_Assignment" name="allelements" time="5.771"/>
  <testcase classname="automation.Java_Assignment" name="dropdown" time="3.195"/>
  <testcase classname="automation.Java_Assignment" name="entertext" time="0.826"/>
  <testcase classname="automation.Java_Assignment" name="google" time="0.952"/>
  <testcase classname="automation.Java_Assignment" name="linktest" time="1.728"/>
  <testcase classname="automation.Java_Assignment" name="multiplewindows" time="4.254"/>
  <testcase classname="automation.Java_Assignment" name="screenshot" time="2.399"/>
</testsuite> <!-- Default test -->
