<?xml version="1.0" encoding="UTF-8"?>
<!-- Generated by org.testng.reporters.JUnitReportReporter -->
<testsuite hostname="Lokeshlucky" failures="0" tests="9" name="automation.Java_Assignment" time="48.583" errors="0" timestamp="2025-11-28T00:25:36 IST" skipped="0">
  <testcase classname="automation.Java_Assignment" name="multiplewindows" time="5.532"/>
  <testcase classname="automation.Java_Assignment" name="allelements" time="7.070"/>
  <testcase classname="automation.Java_Assignment" name="screenshot" time="3.556"/>
  <testcase classname="automation.Java_Assignment" name="entertext" time="2.017"/>
  <testcase classname="automation.Java_Assignment" name="alert" time="15.132"/>
  <testcase classname="automation.Java_Assignment" name="linktest" time="3.603"/>
  <testcase classname="automation.Java_Assignment" name="google" time="2.171"/>
  <testcase classname="automation.Java_Assignment" name="dropdown" time="4.423"/>
  <testcase classname="automation.Java_Assignment" name="Explicitwait" time="5.079"/>
</testsuite> <!-- automation.Java_Assignment -->
