<?xml version="1.0" encoding="UTF-8"?>
<!-- Generated by org.testng.reporters.JUnitReportReporter -->
<testsuite hostname="Lokeshlucky" failures="0" tests="6" name="automation.Java_Assignment" time="34.469" errors="0" timestamp="2025-11-27T09:19:43 IST" skipped="0">
  <testcase classname="automation.Java_Assignment" name="linktest" time="2.354"/>
  <testcase classname="automation.Java_Assignment" name="entertext" time="2.062"/>
  <testcase classname="automation.Java_Assignment" name="allelements" time="7.539"/>
  <testcase classname="automation.Java_Assignment" name="alert" time="16.300"/>
  <testcase classname="automation.Java_Assignment" name="dropdown" time="2.934"/>
  <testcase classname="automation.Java_Assignment" name="google" time="3.280"/>
</testsuite> <!-- automation.Java_Assignment -->
