<?xml version="1.0" encoding="UTF-8"?>
<!-- Generated by org.testng.reporters.JUnitReportReporter -->
<testsuite hostname="Lokeshlucky" failures="0" tests="10" name="automation.DataProvider_test" time="70.158" errors="0" timestamp="2025-11-24T09:00:09 IST" skipped="0">
  <testcase classname="automation.DataProvider_test" name="testcase02" time="6.773"/>
  <testcase classname="automation.DataProvider_test" name="testcase01" time="7.015"/>
  <testcase classname="automation.DataProvider_test" name="testcase01" time="6.813"/>
  <testcase classname="automation.DataProvider_test" name="testcase02" time="6.964"/>
  <testcase classname="automation.DataProvider_test" name="testcase01" time="7.964"/>
  <testcase classname="automation.DataProvider_test" name="testcase02" time="6.927"/>
  <testcase classname="automation.DataProvider_test" name="testcase01" time="6.837"/>
  <testcase classname="automation.DataProvider_test" name="testcase02" time="7.039"/>
  <testcase classname="automation.DataProvider_test" name="testcase01" time="6.954"/>
  <testcase classname="automation.DataProvider_test" name="testcase02" time="6.872"/>
</testsuite> <!-- automation.DataProvider_test -->
