<?xml version="1.0" encoding="UTF-8"?>
<!-- Generated by org.testng.reporters.JUnitReportReporter -->
<testsuite hostname="Lokeshlucky" failures="0" tests="6" name="automation.TestNG_priority_Enable_DependentON" time="0.023" errors="0" timestamp="2025-11-25T07:34:39 IST" skipped="1">
  <testcase classname="automation.TestNG_priority_Enable_DependentON" name="OrderNotification" time="0.002"/>
  <testcase classname="automation.TestNG_priority_Enable_DependentON" name="placingorder" time="0.010"/>
  <testcase classname="automation.TestNG_priority_Enable_DependentON" name="Dog" time="0.003"/>
  <testcase classname="automation.TestNG_priority_Enable_DependentON" name="Boy" time="0.002"/>
  <testcase classname="automation.TestNG_priority_Enable_DependentON" name="cat" time="0.006"/>
  <testcase classname="automation.TestNG_priority_Enable_DependentON" name="Apple">
    <skipped/>
  </testcase> <!-- Apple -->
</testsuite> <!-- automation.TestNG_priority_Enable_DependentON -->
