<?xml version="1.0" encoding="UTF-8"?>
<!-- Generated by org.testng.reporters.JUnitReportReporter -->
<testsuite hostname="Lokeshlucky" failures="0" tests="5" name="automation.Basics_Of_TestNG" time="0.064" errors="0" timestamp="2025-11-21T08:57:33 IST" skipped="0">
  <testcase classname="automation.Basics_Of_TestNG" name="fb3" time="0.009"/>
  <testcase classname="automation.Basics_Of_TestNG" name="fb2" time="0.010"/>
  <testcase classname="automation.Basics_Of_TestNG" name="fb5" time="0.009"/>
  <testcase classname="automation.Basics_Of_TestNG" name="fb1" time="0.017"/>
  <testcase classname="automation.Basics_Of_TestNG" name="fb4" time="0.019"/>
</testsuite> <!-- automation.Basics_Of_TestNG -->
