<?xml version="1.0" encoding="UTF-8"?>
<!-- Generated by org.testng.reporters.JUnitReportReporter -->
<testsuite hostname="Lokeshlucky" failures="0" tests="2" name="automation.Implicit_wait" time="31.239" errors="0" timestamp="2025-11-25T08:41:28 IST" skipped="0">
  <testcase classname="automation.Implicit_wait" name="Withoutimplicitwaitexample" time="22.610"/>
  <testcase classname="automation.Implicit_wait" name="implicitwaitexample" time="8.629"/>
</testsuite> <!-- automation.Implicit_wait -->
